2023-01-13 09:09:52,441 [Dummy-1     ] [INFO ]  ref :74.65 , target : 62.150000000000006
2023-01-13 09:10:53,249 [Dummy-1     ] [INFO ]  ref :74.75 , target : 62.25
2023-01-13 09:11:55,705 [Dummy-1     ] [INFO ]  ref :74.75 , target : 62.349999999999994
2023-01-13 09:12:56,580 [Dummy-1     ] [INFO ]  ref :74.65 , target : 62.349999999999994
2023-01-13 09:13:57,751 [Dummy-1     ] [INFO ]  ref :74.65 , target : 62.25
2023-01-13 09:14:59,333 [Dummy-1     ] [INFO ]  ref :74.55 , target : 62.25
2023-01-13 09:15:59,523 [Dummy-1     ] [INFO ]  ref :74.45 , target : 62.150000000000006
2023-01-13 09:17:00,561 [Dummy-1     ] [INFO ]  ref :74.45 , target : 62.150000000000006
2023-01-13 09:18:01,559 [Dummy-1     ] [INFO ]  ref :74.55 , target : 62.150000000000006
2023-01-13 09:19:02,567 [Dummy-1     ] [INFO ]  ref :74.45 , target : 62.05
2023-01-13 09:20:02,707 [Dummy-1     ] [INFO ]  ref :74.35 , target : 62.05
2023-01-13 09:21:04,799 [Dummy-1     ] [INFO ]  ref :74.35 , target : 61.849999999999994
2023-01-13 09:22:05,015 [Dummy-1     ] [INFO ]  ref :74.25 , target : 61.849999999999994
2023-01-13 09:23:05,965 [Dummy-1     ] [INFO ]  ref :74.25 , target : 61.849999999999994
2023-01-13 09:24:06,280 [Dummy-1     ] [INFO ]  ref :74.25 , target : 61.849999999999994
2023-01-13 09:25:06,402 [Dummy-1     ] [INFO ]  ref :74.25 , target : 61.95
2023-01-13 09:26:06,693 [Dummy-1     ] [INFO ]  ref :74.25 , target : 61.95
2023-01-13 09:27:07,193 [Dummy-1     ] [INFO ]  ref :74.35 , target : 61.95
2023-01-13 09:28:07,392 [Dummy-1     ] [INFO ]  ref :74.45 , target : 62.05
2023-01-13 09:29:07,368 [Dummy-1     ] [INFO ]  ref :74.55 , target : 62.2
2023-01-13 09:30:07,322 [Dummy-1     ] [INFO ]  ref :74.55 , target : 62.150000000000006
2023-01-13 09:31:10,712 [Dummy-1     ] [INFO ]  ref :74.45 , target : 62.25
2023-01-13 09:32:11,484 [Dummy-1     ] [INFO ]  ref :74.55 , target : 62.150000000000006
2023-01-13 09:33:12,271 [Dummy-1     ] [INFO ]  ref :74.65 , target : 62.25
2023-01-13 09:34:14,322 [Dummy-1     ] [INFO ]  ref :74.45 , target : 62.2
2023-01-13 09:35:16,897 [Dummy-1     ] [INFO ]  ref :74.45 , target : 62.150000000000006
2023-01-13 09:36:17,030 [Dummy-1     ] [INFO ]  ref :74.35 , target : 62.05
2023-01-13 09:37:20,371 [Dummy-1     ] [INFO ]  ref :74.25 , target : 62.05
2023-01-13 09:38:25,088 [Dummy-1     ] [INFO ]  ref :74.35 , target : 62.05
2023-01-13 09:39:25,955 [Dummy-1     ] [INFO ]  ref :74.35 , target : 62.05
2023-01-13 09:40:27,689 [Dummy-1     ] [INFO ]  ref :74.35 , target : 62.05
2023-01-13 09:41:29,060 [Dummy-1     ] [INFO ]  ref :74.45 , target : 62.05
2023-01-13 09:42:30,204 [Dummy-1     ] [INFO ]  ref :74.4 , target : 62.05
2023-01-13 09:43:38,787 [Dummy-1     ] [INFO ]  ref :74.35 , target : 62.05
2023-01-13 09:44:42,288 [Dummy-1     ] [INFO ]  ref :74.35 , target : 62.05
2023-01-13 09:45:43,515 [Dummy-1     ] [INFO ]  ref :74.25 , target : 61.95
2023-01-13 09:46:44,168 [Dummy-1     ] [INFO ]  ref :74.35 , target : 61.95
2023-01-13 09:47:47,571 [Dummy-1     ] [INFO ]  ref :74.35 , target : 61.849999999999994
2023-01-13 09:48:51,464 [Dummy-1     ] [INFO ]  ref :74.25 , target : 61.849999999999994
2023-01-13 09:49:55,538 [Dummy-1     ] [INFO ]  ref :74.25 , target : 61.95
2023-01-13 09:50:56,101 [Dummy-1     ] [INFO ]  ref :74.30000000000001 , target : 61.95
2023-01-13 09:51:58,070 [Dummy-1     ] [INFO ]  ref :74.19999999999999 , target : 61.95
2023-01-13 09:52:59,197 [Dummy-1     ] [INFO ]  ref :74.45 , target : 61.95
2023-01-13 09:53:59,817 [Dummy-1     ] [INFO ]  ref :74.55 , target : 61.95
2023-01-13 09:55:00,521 [Dummy-1     ] [INFO ]  ref :74.55 , target : 61.95
2023-01-13 09:56:00,725 [Dummy-1     ] [INFO ]  ref :74.55 , target : 62.05
2023-01-13 09:57:01,689 [Dummy-1     ] [INFO ]  ref :74.65 , target : 62.05
2023-01-13 09:58:02,072 [Dummy-1     ] [INFO ]  ref :74.85 , target : 62.25
2023-01-13 09:59:02,243 [Dummy-1     ] [INFO ]  ref :74.75 , target : 62.25
2023-01-13 10:00:02,276 [Dummy-1     ] [INFO ]  ref :74.75 , target : 62.349999999999994
2023-01-13 10:01:02,805 [Dummy-1     ] [INFO ]  ref :74.75 , target : 62.2
2023-01-13 10:02:05,323 [Dummy-1     ] [INFO ]  ref :74.65 , target : 62.25
2023-01-13 10:03:06,302 [Dummy-1     ] [INFO ]  ref :74.65 , target : 62.150000000000006
2023-01-13 10:04:09,004 [Dummy-1     ] [INFO ]  ref :74.65 , target : 62.150000000000006
2023-01-13 10:05:20,811 [Dummy-1     ] [INFO ]  ref :74.65 , target : 62.150000000000006
2023-01-13 10:06:21,272 [Dummy-1     ] [INFO ]  ref :74.65 , target : 62.150000000000006
2023-01-13 10:07:21,793 [Dummy-1     ] [INFO ]  ref :74.65 , target : 62.150000000000006
2023-01-13 10:08:22,009 [Dummy-1     ] [INFO ]  ref :74.65 , target : 62.150000000000006
2023-01-13 10:09:22,185 [Dummy-1     ] [INFO ]  ref :74.65 , target : 62.150000000000006
2023-01-13 10:10:22,764 [Dummy-1     ] [INFO ]  ref :74.65 , target : 62.150000000000006
2023-01-13 10:11:31,686 [Dummy-1     ] [INFO ]  ref :74.65 , target : 62.150000000000006
2023-01-13 10:12:32,998 [Dummy-1     ] [INFO ]  ref :74.65 , target : 62.150000000000006
2023-01-13 10:13:33,970 [Dummy-1     ] [INFO ]  ref :74.65 , target : 62.150000000000006
2023-01-13 10:14:37,617 [Dummy-1     ] [INFO ]  ref :74.55 , target : 62.150000000000006
2023-01-13 10:15:38,881 [Dummy-1     ] [INFO ]  ref :74.55 , target : 62.05
2023-01-13 10:16:39,219 [Dummy-1     ] [INFO ]  ref :74.55 , target : 62.05
2023-01-13 10:17:39,282 [Dummy-1     ] [INFO ]  ref :74.55 , target : 62.05
2023-01-13 10:18:40,576 [Dummy-1     ] [INFO ]  ref :74.55 , target : 62.05
2023-01-13 10:19:40,817 [Dummy-1     ] [INFO ]  ref :74.4 , target : 62.05
2023-01-13 10:20:41,478 [Dummy-1     ] [INFO ]  ref :74.35 , target : 62.05
2023-01-13 10:21:42,298 [Dummy-1     ] [INFO ]  ref :74.35 , target : 62.05
2023-01-13 10:22:45,071 [Dummy-1     ] [INFO ]  ref :74.35 , target : 61.95
2023-01-13 10:23:45,626 [Dummy-1     ] [INFO ]  ref :74.35 , target : 61.95
2023-01-13 10:24:48,260 [Dummy-1     ] [INFO ]  ref :74.35 , target : 61.95
2023-01-13 10:25:48,963 [Dummy-1     ] [INFO ]  ref :74.45 , target : 61.95
2023-01-13 10:26:55,379 [Dummy-1     ] [INFO ]  ref :74.45 , target : 62.05
2023-01-13 10:27:58,856 [Dummy-1     ] [INFO ]  ref :74.35 , target : 62.05
2023-01-13 10:28:58,878 [Dummy-1     ] [INFO ]  ref :74.25 , target : 61.95
2023-01-13 10:29:59,084 [Dummy-1     ] [INFO ]  ref :74.25 , target : 61.95
2023-01-13 10:31:01,974 [Dummy-1     ] [INFO ]  ref :74.25 , target : 61.95
2023-01-13 10:31:02,044 [MainThread  ] [INFO ]  in test cointegration
2023-01-13 10:31:02,247 [MainThread  ] [INFO ]  Cointegration parameters : mu : 0.0, stdev : 0.0008821404734959995, model : [1] , w1 : -0.48921074656606367, w2 : 0.5107892534339363 
2023-01-13 10:32:09,020 [Dummy-1     ] [INFO ]  ref :74.25 , target : 61.95
2023-01-13 10:33:09,884 [Dummy-1     ] [INFO ]  ref :74.25 , target : 61.95
2023-01-13 10:34:10,071 [Dummy-1     ] [INFO ]  ref :74.45 , target : 61.95
2023-01-13 10:35:11,322 [Dummy-1     ] [INFO ]  ref :74.45 , target : 62.05
2023-01-13 10:36:16,445 [Dummy-1     ] [INFO ]  ref :74.45 , target : 62.05
2023-01-13 10:37:23,774 [Dummy-1     ] [INFO ]  ref :74.45 , target : 62.05
2023-01-13 10:38:24,005 [Dummy-1     ] [INFO ]  ref :74.45 , target : 61.95
2023-01-13 10:39:26,970 [Dummy-1     ] [INFO ]  ref :74.35 , target : 62.05
2023-01-13 10:40:27,200 [Dummy-1     ] [INFO ]  ref :74.4 , target : 61.95
2023-01-13 10:41:27,545 [Dummy-1     ] [INFO ]  ref :74.45 , target : 61.95
2023-01-13 10:42:27,751 [Dummy-1     ] [INFO ]  ref :74.45 , target : 62.05
2023-01-13 10:43:28,526 [Dummy-1     ] [INFO ]  ref :74.45 , target : 62.05
2023-01-13 10:44:29,216 [Dummy-1     ] [INFO ]  ref :74.45 , target : 62.05
2023-01-13 10:45:30,309 [Dummy-1     ] [INFO ]  ref :74.45 , target : 62.05
2023-01-13 10:46:31,599 [Dummy-1     ] [INFO ]  ref :74.45 , target : 62.05
2023-01-13 10:47:34,732 [Dummy-1     ] [INFO ]  ref :74.35 , target : 62.05
2023-01-13 10:48:36,470 [Dummy-1     ] [INFO ]  ref :74.25 , target : 61.95
2023-01-13 10:49:39,355 [Dummy-1     ] [INFO ]  ref :74.25 , target : 61.95
2023-01-13 10:50:42,330 [Dummy-1     ] [INFO ]  ref :74.25 , target : 61.95
2023-01-13 10:51:42,697 [Dummy-1     ] [INFO ]  ref :74.4 , target : 61.95
2023-01-13 10:52:44,673 [Dummy-1     ] [INFO ]  ref :74.35 , target : 61.95
2023-01-13 10:53:50,435 [Dummy-1     ] [INFO ]  ref :74.35 , target : 61.95
2023-01-13 10:54:50,997 [Dummy-1     ] [INFO ]  ref :74.35 , target : 61.95
2023-01-13 10:56:08,010 [Dummy-1     ] [INFO ]  ref :74.35 , target : 61.95
2023-01-13 10:57:09,203 [Dummy-1     ] [INFO ]  ref :74.35 , target : 61.95
2023-01-13 10:58:09,409 [Dummy-1     ] [INFO ]  ref :74.35 , target : 61.95
2023-01-13 10:59:09,714 [Dummy-1     ] [INFO ]  ref :74.35 , target : 61.95
2023-01-13 11:00:10,075 [Dummy-1     ] [INFO ]  ref :74.35 , target : 61.95
2023-01-13 11:01:10,647 [Dummy-1     ] [INFO ]  ref :74.35 , target : 61.95
2023-01-13 11:02:17,145 [Dummy-1     ] [INFO ]  ref :74.35 , target : 61.95
2023-01-13 11:03:17,252 [Dummy-1     ] [INFO ]  ref :74.35 , target : 61.95
2023-01-13 11:04:18,238 [Dummy-1     ] [INFO ]  ref :74.25 , target : 61.95
2023-01-13 11:05:18,320 [Dummy-1     ] [INFO ]  ref :74.35 , target : 61.95
2023-01-13 11:06:18,785 [Dummy-1     ] [INFO ]  ref :74.35 , target : 61.95
2023-01-13 11:07:23,644 [Dummy-1     ] [INFO ]  ref :74.35 , target : 61.95
2023-01-13 11:08:24,389 [Dummy-1     ] [INFO ]  ref :74.25 , target : 61.95
2023-01-13 11:09:26,687 [Dummy-1     ] [INFO ]  ref :74.15 , target : 61.95
2023-01-13 11:10:32,578 [Dummy-1     ] [INFO ]  ref :74.15 , target : 61.95
2023-01-13 11:11:34,710 [Dummy-1     ] [INFO ]  ref :74.15 , target : 61.95
2023-01-13 11:12:34,972 [Dummy-1     ] [INFO ]  ref :74.25 , target : 61.95
2023-01-13 11:13:35,493 [Dummy-1     ] [INFO ]  ref :74.15 , target : 61.95
2023-01-13 11:14:36,168 [Dummy-1     ] [INFO ]  ref :74.30000000000001 , target : 61.95
2023-01-13 11:15:39,876 [Dummy-1     ] [INFO ]  ref :74.30000000000001 , target : 61.95
2023-01-13 11:16:54,002 [Dummy-1     ] [INFO ]  ref :74.35 , target : 61.95
2023-01-13 11:17:54,781 [Dummy-1     ] [INFO ]  ref :74.35 , target : 61.95
2023-01-13 11:19:01,256 [Dummy-1     ] [INFO ]  ref :74.35 , target : 61.95
2023-01-13 11:20:05,376 [Dummy-1     ] [INFO ]  ref :74.35 , target : 61.95
2023-01-13 11:21:10,961 [Dummy-1     ] [INFO ]  ref :74.35 , target : 61.95
2023-01-13 11:22:15,433 [Dummy-1     ] [INFO ]  ref :74.35 , target : 61.95
2023-01-13 11:23:16,583 [Dummy-1     ] [INFO ]  ref :74.25 , target : 61.95
2023-01-13 11:24:18,994 [Dummy-1     ] [INFO ]  ref :74.30000000000001 , target : 61.95
2023-01-13 11:25:26,315 [Dummy-1     ] [INFO ]  ref :74.25 , target : 61.95
2023-01-13 11:26:26,495 [Dummy-1     ] [INFO ]  ref :74.30000000000001 , target : 61.95
2023-01-13 11:27:27,442 [Dummy-1     ] [INFO ]  ref :74.25 , target : 61.95
2023-01-13 11:28:28,535 [Dummy-1     ] [INFO ]  ref :74.30000000000001 , target : 61.95
2023-01-13 11:29:34,865 [Dummy-1     ] [INFO ]  ref :74.30000000000001 , target : 61.95
2023-01-13 11:30:36,302 [Dummy-1     ] [INFO ]  ref :74.30000000000001 , target : 61.95
2023-01-13 11:31:42,791 [Dummy-1     ] [INFO ]  ref :74.25 , target : 61.95
2023-01-13 11:32:43,390 [Dummy-1     ] [INFO ]  ref :74.35 , target : 61.95
2023-01-13 11:33:44,482 [Dummy-1     ] [INFO ]  ref :74.30000000000001 , target : 61.95
2023-01-13 11:34:46,557 [Dummy-1     ] [INFO ]  ref :74.25 , target : 61.95
2023-01-13 11:35:47,762 [Dummy-1     ] [INFO ]  ref :74.25 , target : 61.849999999999994
2023-01-13 11:36:49,543 [Dummy-1     ] [INFO ]  ref :74.25 , target : 61.849999999999994
2023-01-13 11:38:06,152 [Dummy-1     ] [INFO ]  ref :74.25 , target : 61.849999999999994
2023-01-13 11:39:11,536 [Dummy-1     ] [INFO ]  ref :74.25 , target : 61.849999999999994
2023-01-13 11:40:13,796 [Dummy-1     ] [INFO ]  ref :74.25 , target : 61.849999999999994
2023-01-13 11:41:15,301 [Dummy-1     ] [INFO ]  ref :74.15 , target : 61.849999999999994
2023-01-13 11:42:17,916 [Dummy-1     ] [INFO ]  ref :74.15 , target : 61.849999999999994
2023-01-13 11:43:18,822 [Dummy-1     ] [INFO ]  ref :74.15 , target : 61.849999999999994
2023-01-13 11:44:23,453 [Dummy-1     ] [INFO ]  ref :74.05 , target : 61.849999999999994
2023-01-13 11:45:25,556 [Dummy-1     ] [INFO ]  ref :74.15 , target : 61.849999999999994
2023-01-13 11:46:26,087 [Dummy-1     ] [INFO ]  ref :74.15 , target : 61.849999999999994
2023-01-13 11:47:33,451 [Dummy-1     ] [INFO ]  ref :74.25 , target : 61.849999999999994
2023-01-13 11:48:34,462 [Dummy-1     ] [INFO ]  ref :74.25 , target : 61.849999999999994
2023-01-13 11:49:34,456 [Dummy-1     ] [INFO ]  ref :74.25 , target : 61.849999999999994
2023-01-13 11:50:35,708 [Dummy-1     ] [INFO ]  ref :74.25 , target : 61.849999999999994
2023-01-13 11:51:39,200 [Dummy-1     ] [INFO ]  ref :74.30000000000001 , target : 61.849999999999994
2023-01-13 11:52:46,897 [Dummy-1     ] [INFO ]  ref :74.30000000000001 , target : 61.849999999999994
2023-01-13 11:53:47,596 [Dummy-1     ] [INFO ]  ref :74.35 , target : 61.849999999999994
2023-01-13 11:54:48,580 [Dummy-1     ] [INFO ]  ref :74.35 , target : 61.849999999999994
2023-01-13 11:55:51,540 [Dummy-1     ] [INFO ]  ref :74.35 , target : 61.849999999999994
2023-01-13 11:56:53,072 [Dummy-1     ] [INFO ]  ref :74.25 , target : 61.849999999999994
2023-01-13 11:57:55,012 [Dummy-1     ] [INFO ]  ref :74.25 , target : 61.849999999999994
2023-01-13 11:58:59,048 [Dummy-1     ] [INFO ]  ref :74.25 , target : 61.849999999999994
2023-01-13 11:59:59,838 [Dummy-1     ] [INFO ]  ref :74.25 , target : 61.849999999999994
2023-01-13 12:01:04,007 [Dummy-1     ] [INFO ]  ref :74.25 , target : 61.849999999999994
2023-01-13 12:02:06,258 [Dummy-1     ] [INFO ]  ref :74.35 , target : 61.849999999999994
2023-01-13 12:03:06,438 [Dummy-1     ] [INFO ]  ref :74.35 , target : 61.849999999999994
2023-01-13 12:04:08,840 [Dummy-1     ] [INFO ]  ref :74.35 , target : 61.849999999999994
2023-01-13 12:05:10,141 [Dummy-1     ] [INFO ]  ref :74.35 , target : 61.849999999999994
2023-01-13 12:06:10,673 [Dummy-1     ] [INFO ]  ref :74.45 , target : 61.849999999999994
2023-01-13 12:07:15,883 [Dummy-1     ] [INFO ]  ref :74.35 , target : 61.95
2023-01-13 12:08:33,543 [Dummy-1     ] [INFO ]  ref :74.35 , target : 61.95
2023-01-13 12:09:37,370 [Dummy-1     ] [INFO ]  ref :74.35 , target : 61.95
2023-01-13 12:10:38,299 [Dummy-1     ] [INFO ]  ref :74.35 , target : 61.95
2023-01-13 12:11:38,422 [Dummy-1     ] [INFO ]  ref :74.35 , target : 61.95
2023-01-13 12:12:40,761 [Dummy-1     ] [INFO ]  ref :74.35 , target : 61.95
2023-01-13 12:13:43,367 [Dummy-1     ] [INFO ]  ref :74.35 , target : 61.95
2023-01-13 12:14:44,206 [Dummy-1     ] [INFO ]  ref :74.45 , target : 61.95
2023-01-13 12:15:47,031 [Dummy-1     ] [INFO ]  ref :74.45 , target : 61.95
2023-01-13 12:16:54,960 [Dummy-1     ] [INFO ]  ref :74.35 , target : 61.95
2023-01-13 12:17:55,600 [Dummy-1     ] [INFO ]  ref :74.35 , target : 61.95
2023-01-13 12:18:56,457 [Dummy-1     ] [INFO ]  ref :74.35 , target : 61.95
2023-01-13 12:20:01,987 [Dummy-1     ] [INFO ]  ref :74.45 , target : 61.95
2023-01-13 12:21:09,715 [Dummy-1     ] [INFO ]  ref :74.35 , target : 61.95
2023-01-13 12:22:27,901 [Dummy-1     ] [INFO ]  ref :74.35 , target : 61.95
2023-01-13 12:23:28,525 [Dummy-1     ] [INFO ]  ref :74.35 , target : 61.95
2023-01-13 12:24:33,635 [Dummy-1     ] [INFO ]  ref :74.35 , target : 61.95
2023-01-13 12:25:36,558 [Dummy-1     ] [INFO ]  ref :74.35 , target : 61.95
2023-01-13 12:27:02,964 [Dummy-1     ] [INFO ]  ref :74.35 , target : 61.95
2023-01-13 12:28:06,752 [Dummy-1     ] [INFO ]  ref :74.35 , target : 61.95
2023-01-13 12:29:08,600 [Dummy-1     ] [INFO ]  ref :74.35 , target : 61.95
2023-01-13 12:30:09,904 [Dummy-1     ] [INFO ]  ref :74.4 , target : 61.95
2023-01-13 12:31:12,235 [Dummy-1     ] [INFO ]  ref :74.35 , target : 61.95
2023-01-13 12:32:13,652 [Dummy-1     ] [INFO ]  ref :74.35 , target : 61.95
2023-01-13 12:33:17,280 [Dummy-1     ] [INFO ]  ref :74.25 , target : 61.849999999999994
2023-01-13 12:34:31,849 [Dummy-1     ] [INFO ]  ref :74.25 , target : 61.849999999999994
2023-01-13 12:35:31,951 [Dummy-1     ] [INFO ]  ref :74.25 , target : 61.849999999999994
2023-01-13 12:36:33,062 [Dummy-1     ] [INFO ]  ref :74.35 , target : 61.849999999999994
2023-01-13 12:37:33,591 [Dummy-1     ] [INFO ]  ref :74.35 , target : 61.849999999999994
2023-01-13 12:38:35,109 [Dummy-1     ] [INFO ]  ref :74.35 , target : 61.849999999999994
2023-01-13 12:39:40,516 [Dummy-1     ] [INFO ]  ref :74.35 , target : 61.849999999999994
2023-01-13 12:40:47,329 [Dummy-1     ] [INFO ]  ref :74.35 , target : 61.849999999999994
2023-01-13 12:41:50,396 [Dummy-1     ] [INFO ]  ref :74.35 , target : 61.849999999999994
2023-01-13 12:42:51,498 [Dummy-1     ] [INFO ]  ref :74.35 , target : 61.849999999999994
2023-01-13 12:43:52,764 [Dummy-1     ] [INFO ]  ref :74.35 , target : 61.849999999999994
2023-01-13 12:45:01,560 [Dummy-1     ] [INFO ]  ref :74.35 , target : 61.849999999999994
2023-01-13 12:46:04,233 [Dummy-1     ] [INFO ]  ref :74.35 , target : 61.849999999999994
2023-01-13 12:47:09,041 [Dummy-1     ] [INFO ]  ref :74.35 , target : 61.849999999999994
2023-01-13 12:48:09,438 [Dummy-1     ] [INFO ]  ref :74.25 , target : 61.849999999999994
2023-01-13 12:49:11,894 [Dummy-1     ] [INFO ]  ref :74.25 , target : 61.849999999999994
2023-01-13 12:50:11,910 [Dummy-1     ] [INFO ]  ref :74.25 , target : 61.849999999999994
2023-01-13 12:51:12,249 [Dummy-1     ] [INFO ]  ref :74.25 , target : 61.849999999999994
2023-01-13 12:52:13,319 [Dummy-1     ] [INFO ]  ref :74.30000000000001 , target : 61.849999999999994
2023-01-13 12:53:16,497 [Dummy-1     ] [INFO ]  ref :74.35 , target : 61.849999999999994
2023-01-13 12:54:19,174 [Dummy-1     ] [INFO ]  ref :74.35 , target : 61.849999999999994
2023-01-13 12:55:24,494 [Dummy-1     ] [INFO ]  ref :74.25 , target : 61.849999999999994
2023-01-13 12:56:25,864 [Dummy-1     ] [INFO ]  ref :74.25 , target : 61.849999999999994
2023-01-13 12:57:25,888 [Dummy-1     ] [INFO ]  ref :0.0 , target : 61.849999999999994
2023-01-13 12:58:26,599 [Dummy-1     ] [INFO ]  ref :74.25 , target : 61.849999999999994
2023-01-13 12:59:27,561 [Dummy-1     ] [INFO ]  ref :74.25 , target : 61.849999999999994
2023-01-13 13:00:28,367 [Dummy-1     ] [INFO ]  ref :74.35 , target : 61.849999999999994
2023-01-13 13:01:29,200 [Dummy-1     ] [INFO ]  ref :74.45 , target : 61.95
2023-01-13 13:02:37,410 [Dummy-1     ] [INFO ]  ref :74.35 , target : 61.95
2023-01-13 13:03:38,346 [Dummy-1     ] [INFO ]  ref :74.35 , target : 61.95
2023-01-13 13:04:38,788 [Dummy-1     ] [INFO ]  ref :74.45 , target : 61.95
2023-01-13 13:05:40,393 [Dummy-1     ] [INFO ]  ref :74.45 , target : 61.849999999999994
2023-01-13 13:06:42,376 [Dummy-1     ] [INFO ]  ref :74.35 , target : 61.849999999999994
2023-01-13 13:07:44,462 [Dummy-1     ] [INFO ]  ref :74.35 , target : 61.849999999999994
2023-01-13 13:08:53,509 [Dummy-1     ] [INFO ]  ref :74.35 , target : 61.849999999999994
2023-01-13 13:09:54,693 [Dummy-1     ] [INFO ]  ref :74.35 , target : 61.849999999999994
2023-01-13 13:10:57,980 [Dummy-1     ] [INFO ]  ref :74.35 , target : 61.849999999999994
2023-01-13 13:11:58,207 [Dummy-1     ] [INFO ]  ref :74.35 , target : 61.849999999999994
2023-01-13 13:13:00,462 [Dummy-1     ] [INFO ]  ref :74.35 , target : 61.849999999999994
2023-01-13 13:14:01,485 [Dummy-1     ] [INFO ]  ref :74.35 , target : 61.849999999999994
2023-01-13 13:15:03,915 [Dummy-1     ] [INFO ]  ref :74.35 , target : 61.849999999999994
2023-01-13 13:16:06,242 [Dummy-1     ] [INFO ]  ref :74.35 , target : 61.849999999999994
2023-01-13 13:17:06,287 [Dummy-1     ] [INFO ]  ref :74.45 , target : 61.849999999999994
2023-01-13 13:18:07,851 [Dummy-1     ] [INFO ]  ref :74.45 , target : 61.849999999999994
2023-01-13 13:18:55,165 [MainThread  ] [INFO ]  下開倉 : Ref Price :74.55 Target Price :61.849999999999994
2023-01-13 13:18:55,167 [MainThread  ] [INFO ]  reference_price = 74.5 . size = 4.0 , side = SELL
2023-01-13 13:18:55,167 [MainThread  ] [INFO ]  target_price = 61.9 . size = 5.0 , side = BUY
2023-01-13 13:19:09,244 [Dummy-1     ] [INFO ]  ref :74.55 , target : 61.849999999999994
2023-01-13 13:20:09,419 [Dummy-1     ] [INFO ]  ref :74.5 , target : 61.849999999999994
2023-01-13 13:21:09,949 [Dummy-1     ] [INFO ]  ref :74.55 , target : 61.95
2023-01-13 13:22:10,187 [Dummy-1     ] [INFO ]  ref :74.55 , target : 61.95
2023-01-13 13:23:10,703 [Dummy-1     ] [INFO ]  ref :74.65 , target : 61.95
2023-01-13 13:24:11,832 [Dummy-1     ] [INFO ]  ref :74.55 , target : 61.95
2023-01-13 13:24:50,294 [MainThread  ] [INFO ]  下開倉強制平倉 : Ref Size : -4.0 Ref Price :74.55 Target Size : 5.0 Target Price :61.95
2023-01-13 13:24:50,296 [MainThread  ] [INFO ]  'SELL'
2023-01-13 13:25:12,724 [Dummy-1     ] [INFO ]  ref :74.65 , target : 62.05
2023-01-13 13:26:12,909 [Dummy-1     ] [INFO ]  ref :74.85 , target : 62.150000000000006
2023-01-13 13:26:12,911 [MainThread  ] [INFO ]  下開倉停損平倉 : Ref Size : -4.0 Ref Price :74.85 Target Size : 5.0 Target Price :61.849999999999994
2023-01-13 13:26:12,912 [MainThread  ] [INFO ]  'SELL'
2023-01-13 13:26:17,930 [MainThread  ] [INFO ]  下開倉停損平倉 : Ref Size : -4.0 Ref Price :74.80000000000001 Target Size : 5.0 Target Price :61.849999999999994
2023-01-13 13:26:17,931 [MainThread  ] [INFO ]  'SELL'
2023-01-13 13:27:13,098 [Dummy-1     ] [INFO ]  ref :74.75 , target : 61.849999999999994
2023-01-13 13:28:13,266 [Dummy-1     ] [INFO ]  ref :74.45 , target : 61.849999999999994
2023-01-13 13:28:48,495 [MainThread  ] [INFO ]  下開倉停損平倉 : Ref Size : -4.0 Ref Price :74.85 Target Size : 5.0 Target Price :61.849999999999994
2023-01-13 13:28:48,495 [MainThread  ] [INFO ]  'SELL'
2023-01-13 13:28:53,416 [MainThread  ] [INFO ]  下開倉停損平倉 : Ref Size : -4.0 Ref Price :74.85 Target Size : 5.0 Target Price :61.849999999999994
2023-01-13 13:28:53,416 [MainThread  ] [INFO ]  'SELL'
2023-01-13 13:29:13,466 [Dummy-1     ] [INFO ]  ref :74.65 , target : 61.849999999999994
